[21:05:07:028] [DEBUG] - org.hibernate.validator.messageinterpolation.ResourceBundleMessageInterpolator.buildExpressionFactory(ResourceBundleMessageInterpolator.java:89) - Loaded expression factory via original TCCL
[21:05:07:039] [DEBUG] - org.hibernate.validator.internal.engine.ValidatorFactoryImpl.logValidatorFactoryScopedConfiguration(ValidatorFactoryImpl.java:578) - HV000234: Using org.hibernate.validator.messageinterpolation.ResourceBundleMessageInterpolator as ValidatorFactory-scoped message interpolator.
[21:05:07:039] [DEBUG] - org.hibernate.validator.internal.engine.ValidatorFactoryImpl.logValidatorFactoryScopedConfiguration(ValidatorFactoryImpl.java:579) - HV000234: Using org.hibernate.validator.internal.engine.resolver.TraverseAllTraversableResolver as ValidatorFactory-scoped traversable resolver.
[21:05:07:040] [DEBUG] - org.hibernate.validator.internal.engine.ValidatorFactoryImpl.logValidatorFactoryScopedConfiguration(ValidatorFactoryImpl.java:580) - HV000234: Using org.hibernate.validator.internal.util.ExecutableParameterNameProvider as ValidatorFactory-scoped parameter name provider.
[21:05:07:040] [DEBUG] - org.hibernate.validator.internal.engine.ValidatorFactoryImpl.logValidatorFactoryScopedConfiguration(ValidatorFactoryImpl.java:581) - HV000234: Using org.hibernate.validator.internal.engine.DefaultClockProvider as ValidatorFactory-scoped clock provider.
[21:05:07:040] [DEBUG] - org.hibernate.validator.internal.engine.ValidatorFactoryImpl.logValidatorFactoryScopedConfiguration(ValidatorFactoryImpl.java:582) - HV000234: Using org.hibernate.validator.internal.engine.scripting.DefaultScriptEvaluatorFactory as ValidatorFactory-scoped script evaluator factory.
[21:05:07:055] [INFO] - org.springframework.boot.StartupInfoLogger.logStarting(StartupInfoLogger.java:50) - Starting TestBootJdbcApplication on USER-6GQ0B3755M with PID 9880 (F:\spring\test_boot_jdbc\target\classes started by zzyy in F:\spring\test_boot_jdbc)
[21:05:07:055] [DEBUG] - org.springframework.boot.StartupInfoLogger.logStarting(StartupInfoLogger.java:53) - Running with Spring Boot v2.1.0.RELEASE, Spring v5.1.2.RELEASE
[21:05:07:056] [INFO] - org.springframework.boot.SpringApplication.logStartupProfileInfo(SpringApplication.java:675) - No active profile set, falling back to default profiles: default
[21:05:08:026] [INFO] - org.springframework.boot.web.embedded.tomcat.TomcatWebServer.initialize(TomcatWebServer.java:90) - Tomcat initialized with port(s): 8080 (http)
[21:05:08:049] [INFO] - org.apache.juli.logging.DirectJDKLog.log(DirectJDKLog.java:173) - Initializing ProtocolHandler ["http-nio-8080"]
[21:05:08:053] [INFO] - org.apache.juli.logging.DirectJDKLog.log(DirectJDKLog.java:173) - Starting service [Tomcat]
[21:05:08:054] [INFO] - org.apache.juli.logging.DirectJDKLog.log(DirectJDKLog.java:173) - Starting Servlet Engine: Apache Tomcat/9.0.12
[21:05:08:060] [INFO] - org.apache.juli.logging.DirectJDKLog.log(DirectJDKLog.java:173) - Loaded APR based Apache Tomcat Native library [1.2.14] using APR version [1.6.2].
[21:05:08:060] [INFO] - org.apache.juli.logging.DirectJDKLog.log(DirectJDKLog.java:173) - APR capabilities: IPv6 [true], sendfile [true], accept filters [false], random [true].
[21:05:08:061] [INFO] - org.apache.juli.logging.DirectJDKLog.log(DirectJDKLog.java:173) - APR/OpenSSL configuration: useAprConnector [false], useOpenSSL [true]
[21:05:09:098] [INFO] - org.apache.juli.logging.DirectJDKLog.log(DirectJDKLog.java:173) - OpenSSL successfully initialized [OpenSSL 1.0.2l  25 May 2017]
[21:05:09:371] [INFO] - org.apache.juli.logging.DirectJDKLog.log(DirectJDKLog.java:173) - At least one JAR was scanned for TLDs yet contained no TLDs. Enable debug logging for this logger for a complete list of JARs that were scanned but no TLDs were found in them. Skipping unneeded JARs during scanning can improve startup time and JSP compilation time.
[21:05:09:376] [INFO] - org.apache.juli.logging.DirectJDKLog.log(DirectJDKLog.java:173) - Initializing Spring embedded WebApplicationContext
[21:05:09:376] [INFO] - org.springframework.boot.web.servlet.context.ServletWebServerApplicationContext.prepareWebApplicationContext(ServletWebServerApplicationContext.java:285) - Root WebApplicationContext: initialization completed in 2279 ms
[21:05:09:429] [INFO] - org.springframework.boot.web.servlet.ServletRegistrationBean.addRegistration(ServletRegistrationBean.java:186) - Servlet statViewServlet mapped to [/druid/*]
[21:05:09:431] [INFO] - org.springframework.boot.web.servlet.ServletRegistrationBean.addRegistration(ServletRegistrationBean.java:186) - Servlet dispatcherServlet mapped to [/]
[21:05:09:435] [INFO] - org.springframework.boot.web.servlet.AbstractFilterRegistrationBean.configure(AbstractFilterRegistrationBean.java:248) - Mapping filter: 'characterEncodingFilter' to: [/*]
[21:05:09:435] [INFO] - org.springframework.boot.web.servlet.AbstractFilterRegistrationBean.configure(AbstractFilterRegistrationBean.java:248) - Mapping filter: 'hiddenHttpMethodFilter' to: [/*]
[21:05:09:435] [INFO] - org.springframework.boot.web.servlet.AbstractFilterRegistrationBean.configure(AbstractFilterRegistrationBean.java:248) - Mapping filter: 'formContentFilter' to: [/*]
[21:05:09:435] [INFO] - org.springframework.boot.web.servlet.AbstractFilterRegistrationBean.configure(AbstractFilterRegistrationBean.java:248) - Mapping filter: 'requestContextFilter' to: [/*]
[21:05:09:436] [INFO] - org.springframework.boot.web.servlet.AbstractFilterRegistrationBean.configure(AbstractFilterRegistrationBean.java:261) - Mapping filter: 'webStatFilter' to urls: [/*]
[21:05:09:557] [DEBUG] - org.apache.ibatis.logging.LogFactory.setImplementation(LogFactory.java:135) - Logging initialized using 'class org.apache.ibatis.logging.slf4j.Slf4jImpl' adapter.
[21:05:09:604] [DEBUG] - org.apache.ibatis.io.VFS$VFSHolder.createVFS(VFS.java:77) - Using VFS adapter org.mybatis.spring.boot.autoconfigure.SpringBootVFS
[21:05:09:606] [DEBUG] - org.apache.ibatis.io.ResolverUtil.addIfMatching(ResolverUtil.java:256) - Checking to see if class com.zzyy.entity.User matches criteria [is assignable to Object]
[21:05:09:714] [DEBUG] - org.hibernate.validator.internal.engine.resolver.TraversableResolvers.getDefault(TraversableResolvers.java:60) - Cannot find javax.persistence.Persistence on classpath. Assuming non JPA 2 environment. All properties will per default be traversable.
[21:05:09:714] [DEBUG] - org.hibernate.validator.messageinterpolation.ResourceBundleMessageInterpolator.buildExpressionFactory(ResourceBundleMessageInterpolator.java:89) - Loaded expression factory via original TCCL
[21:05:09:717] [DEBUG] - org.hibernate.validator.internal.engine.resolver.TraversableResolvers.getDefault(TraversableResolvers.java:60) - Cannot find javax.persistence.Persistence on classpath. Assuming non JPA 2 environment. All properties will per default be traversable.
[21:05:09:718] [DEBUG] - org.hibernate.validator.internal.engine.ConfigurationImpl.messageInterpolator(ConfigurationImpl.java:148) - Setting custom MessageInterpolator of type org.springframework.validation.beanvalidation.LocaleContextMessageInterpolator
[21:05:09:718] [DEBUG] - org.hibernate.validator.internal.engine.ConfigurationImpl.constraintValidatorFactory(ConfigurationImpl.java:180) - Setting custom ConstraintValidatorFactory of type org.springframework.validation.beanvalidation.SpringConstraintValidatorFactory
[21:05:09:718] [DEBUG] - org.hibernate.validator.internal.engine.ConfigurationImpl.parameterNameProvider(ConfigurationImpl.java:194) - Setting custom ParameterNameProvider of type org.springframework.validation.beanvalidation.LocalValidatorFactoryBean$1
[21:05:09:719] [DEBUG] - org.hibernate.validator.internal.xml.config.ValidationXmlParser.getValidationXmlInputStream(ValidationXmlParser.java:120) - Trying to load META-INF/validation.xml for XML based Validator configuration.
[21:05:09:719] [DEBUG] - org.hibernate.validator.internal.xml.config.ResourceLoaderHelper.getResettableInputStreamForPath(ResourceLoaderHelper.java:53) - Trying to load META-INF/validation.xml via user class loader
[21:05:09:720] [DEBUG] - org.hibernate.validator.internal.xml.config.ResourceLoaderHelper.getResettableInputStreamForPath(ResourceLoaderHelper.java:60) - Trying to load META-INF/validation.xml via TCCL
[21:05:09:720] [DEBUG] - org.hibernate.validator.internal.xml.config.ResourceLoaderHelper.getResettableInputStreamForPath(ResourceLoaderHelper.java:66) - Trying to load META-INF/validation.xml via Hibernate Validator's class loader
[21:05:09:720] [DEBUG] - org.hibernate.validator.internal.xml.config.ValidationXmlParser.getValidationXmlInputStream(ValidationXmlParser.java:127) - No META-INF/validation.xml found. Using annotation based configuration only.
[21:05:09:732] [DEBUG] - org.hibernate.validator.internal.engine.ValidatorFactoryImpl.logValidatorFactoryScopedConfiguration(ValidatorFactoryImpl.java:578) - HV000234: Using org.springframework.validation.beanvalidation.LocaleContextMessageInterpolator as ValidatorFactory-scoped message interpolator.
[21:05:09:732] [DEBUG] - org.hibernate.validator.internal.engine.ValidatorFactoryImpl.logValidatorFactoryScopedConfiguration(ValidatorFactoryImpl.java:579) - HV000234: Using org.hibernate.validator.internal.engine.resolver.TraverseAllTraversableResolver as ValidatorFactory-scoped traversable resolver.
[21:05:09:732] [DEBUG] - org.hibernate.validator.internal.engine.ValidatorFactoryImpl.logValidatorFactoryScopedConfiguration(ValidatorFactoryImpl.java:580) - HV000234: Using org.hibernate.validator.internal.util.ExecutableParameterNameProvider as ValidatorFactory-scoped parameter name provider.
[21:05:09:732] [DEBUG] - org.hibernate.validator.internal.engine.ValidatorFactoryImpl.logValidatorFactoryScopedConfiguration(ValidatorFactoryImpl.java:581) - HV000234: Using org.hibernate.validator.internal.engine.DefaultClockProvider as ValidatorFactory-scoped clock provider.
[21:05:09:732] [DEBUG] - org.hibernate.validator.internal.engine.ValidatorFactoryImpl.logValidatorFactoryScopedConfiguration(ValidatorFactoryImpl.java:582) - HV000234: Using org.hibernate.validator.internal.engine.scripting.DefaultScriptEvaluatorFactory as ValidatorFactory-scoped script evaluator factory.
[21:05:09:870] [INFO] - org.springframework.scheduling.concurrent.ExecutorConfigurationSupport.initialize(ExecutorConfigurationSupport.java:171) - Initializing ExecutorService 'applicationTaskExecutor'
[21:05:09:967] [INFO] - org.springframework.boot.autoconfigure.web.servlet.WelcomePageHandlerMapping.<init>(WelcomePageHandlerMapping.java:61) - Adding welcome page template: index
[21:05:10:060] [INFO] - org.apache.juli.logging.DirectJDKLog.log(DirectJDKLog.java:173) - Starting ProtocolHandler ["http-nio-8080"]
[21:05:10:071] [INFO] - org.apache.juli.logging.DirectJDKLog.log(DirectJDKLog.java:173) - Using a shared selector for servlet write/read
[21:05:10:092] [INFO] - org.springframework.boot.web.embedded.tomcat.TomcatWebServer.start(TomcatWebServer.java:204) - Tomcat started on port(s): 8080 (http) with context path ''
[21:05:10:095] [INFO] - org.springframework.boot.StartupInfoLogger.logStarted(StartupInfoLogger.java:59) - Started TestBootJdbcApplication in 3.405 seconds (JVM running for 4.863)
[21:05:19:002] [INFO] - org.apache.juli.logging.DirectJDKLog.log(DirectJDKLog.java:173) - Initializing Spring DispatcherServlet 'dispatcherServlet'
[21:05:19:002] [INFO] - org.springframework.web.servlet.FrameworkServlet.initServletBean(FrameworkServlet.java:521) - Initializing Servlet 'dispatcherServlet'
[21:05:19:011] [INFO] - org.springframework.web.servlet.FrameworkServlet.initServletBean(FrameworkServlet.java:543) - Completed initialization in 9 ms
[21:05:25:637] [DEBUG] - com.alibaba.druid.filter.logging.Log4j2Filter.connectionLog(Log4j2Filter.java:132) - {conn-10001} connected
[21:05:25:643] [DEBUG] - com.alibaba.druid.filter.logging.Log4j2Filter.connectionLog(Log4j2Filter.java:132) - {conn-10002} connected
[21:05:25:647] [DEBUG] - com.alibaba.druid.filter.logging.Log4j2Filter.connectionLog(Log4j2Filter.java:132) - {conn-10003} connected
[21:05:25:650] [DEBUG] - com.alibaba.druid.filter.logging.Log4j2Filter.connectionLog(Log4j2Filter.java:132) - {conn-10004} connected
[21:05:25:655] [DEBUG] - com.alibaba.druid.filter.logging.Log4j2Filter.connectionLog(Log4j2Filter.java:132) - {conn-10005} connected
[21:05:25:657] [INFO] - com.alibaba.druid.pool.DruidDataSource.init(DruidDataSource.java:947) - {dataSource-1} inited
[21:05:25:659] [DEBUG] - com.alibaba.druid.filter.logging.Log4j2Filter.connectionLog(Log4j2Filter.java:132) - {conn-10005} pool-connect
[21:05:25:662] [DEBUG] - org.apache.ibatis.logging.jdbc.BaseJdbcLogger.debug(BaseJdbcLogger.java:159) - ==>  Preparing: SELECT * from user WHERE username = ? and password = ? 
[21:05:25:752] [DEBUG] - com.alibaba.druid.filter.logging.Log4j2Filter.statementLog(Log4j2Filter.java:137) - {conn-10005, pstmt-20000} created. SELECT * from user WHERE username = ? and password = ?
[21:05:25:762] [DEBUG] - org.apache.ibatis.logging.jdbc.BaseJdbcLogger.debug(BaseJdbcLogger.java:159) - ==> Parameters: 18273013312(String), 123456(String)
[21:05:25:765] [DEBUG] - com.alibaba.druid.filter.logging.Log4j2Filter.statementLog(Log4j2Filter.java:137) - {conn-10005, pstmt-20000} Parameters : [18273013312, 123456]
[21:05:25:765] [DEBUG] - com.alibaba.druid.filter.logging.Log4j2Filter.statementLog(Log4j2Filter.java:137) - {conn-10005, pstmt-20000} Types : [VARCHAR, VARCHAR]
[21:05:25:775] [DEBUG] - com.alibaba.druid.filter.logging.Log4j2Filter.statementLog(Log4j2Filter.java:137) - {conn-10005, pstmt-20000} executed. 12.274186 millis. SELECT * from user WHERE username = ? and password = ?
[21:05:25:779] [DEBUG] - com.alibaba.druid.filter.logging.Log4j2Filter.resultSetLog(Log4j2Filter.java:142) - {conn-10005, pstmt-20000, rs-50000} open
[21:05:25:780] [DEBUG] - com.alibaba.druid.filter.logging.Log4j2Filter.resultSetLog(Log4j2Filter.java:142) - {conn-10005, pstmt-20000, rs-50000} Header: [id, username, password, nickname, createTime, modifyTime]
[21:05:25:789] [DEBUG] - com.alibaba.druid.filter.logging.Log4j2Filter.resultSetLog(Log4j2Filter.java:142) - {conn-10005, pstmt-20000, rs-50000} Result: [1, 18273013312, 123456, 军师, 2018-11-10 06:39:51.0, 2018-11-10 06:39:51.0]
[21:05:25:791] [DEBUG] - org.apache.ibatis.logging.jdbc.BaseJdbcLogger.debug(BaseJdbcLogger.java:159) - <==      Total: 1
[21:05:25:791] [DEBUG] - com.alibaba.druid.filter.logging.Log4j2Filter.resultSetLog(Log4j2Filter.java:142) - {conn-10005, pstmt-20000, rs-50000} closed
[21:05:25:792] [DEBUG] - com.alibaba.druid.filter.logging.Log4j2Filter.statementLog(Log4j2Filter.java:137) - {conn-10005, pstmt-20000} closed
[21:05:25:793] [DEBUG] - com.alibaba.druid.filter.logging.Log4j2Filter.connectionLog(Log4j2Filter.java:132) - {conn-10005} pool-recycle
[21:08:48:362] [DEBUG] - org.hibernate.validator.messageinterpolation.ResourceBundleMessageInterpolator.buildExpressionFactory(ResourceBundleMessageInterpolator.java:89) - Loaded expression factory via original TCCL
[21:08:48:380] [DEBUG] - org.hibernate.validator.internal.engine.ValidatorFactoryImpl.logValidatorFactoryScopedConfiguration(ValidatorFactoryImpl.java:578) - HV000234: Using org.hibernate.validator.messageinterpolation.ResourceBundleMessageInterpolator as ValidatorFactory-scoped message interpolator.
[21:08:48:380] [DEBUG] - org.hibernate.validator.internal.engine.ValidatorFactoryImpl.logValidatorFactoryScopedConfiguration(ValidatorFactoryImpl.java:579) - HV000234: Using org.hibernate.validator.internal.engine.resolver.TraverseAllTraversableResolver as ValidatorFactory-scoped traversable resolver.
[21:08:48:381] [DEBUG] - org.hibernate.validator.internal.engine.ValidatorFactoryImpl.logValidatorFactoryScopedConfiguration(ValidatorFactoryImpl.java:580) - HV000234: Using org.hibernate.validator.internal.util.ExecutableParameterNameProvider as ValidatorFactory-scoped parameter name provider.
[21:08:48:381] [DEBUG] - org.hibernate.validator.internal.engine.ValidatorFactoryImpl.logValidatorFactoryScopedConfiguration(ValidatorFactoryImpl.java:581) - HV000234: Using org.hibernate.validator.internal.engine.DefaultClockProvider as ValidatorFactory-scoped clock provider.
[21:08:48:381] [DEBUG] - org.hibernate.validator.internal.engine.ValidatorFactoryImpl.logValidatorFactoryScopedConfiguration(ValidatorFactoryImpl.java:582) - HV000234: Using org.hibernate.validator.internal.engine.scripting.DefaultScriptEvaluatorFactory as ValidatorFactory-scoped script evaluator factory.
[21:08:48:399] [INFO] - org.springframework.boot.StartupInfoLogger.logStarting(StartupInfoLogger.java:50) - Starting TestBootJdbcApplication on USER-6GQ0B3755M with PID 1364 (F:\spring\test_boot_jdbc\target\classes started by zzyy in F:\spring\test_boot_jdbc)
[21:08:48:399] [DEBUG] - org.springframework.boot.StartupInfoLogger.logStarting(StartupInfoLogger.java:53) - Running with Spring Boot v2.1.0.RELEASE, Spring v5.1.2.RELEASE
[21:08:48:400] [INFO] - org.springframework.boot.SpringApplication.logStartupProfileInfo(SpringApplication.java:675) - No active profile set, falling back to default profiles: default
[21:08:49:614] [INFO] - org.springframework.boot.web.embedded.tomcat.TomcatWebServer.initialize(TomcatWebServer.java:90) - Tomcat initialized with port(s): 8080 (http)
[21:08:49:659] [INFO] - org.apache.juli.logging.DirectJDKLog.log(DirectJDKLog.java:173) - Initializing ProtocolHandler ["http-nio-8080"]
[21:08:49:664] [INFO] - org.apache.juli.logging.DirectJDKLog.log(DirectJDKLog.java:173) - Starting service [Tomcat]
[21:08:49:665] [INFO] - org.apache.juli.logging.DirectJDKLog.log(DirectJDKLog.java:173) - Starting Servlet Engine: Apache Tomcat/9.0.12
[21:08:49:675] [INFO] - org.apache.juli.logging.DirectJDKLog.log(DirectJDKLog.java:173) - Loaded APR based Apache Tomcat Native library [1.2.14] using APR version [1.6.2].
[21:08:49:675] [INFO] - org.apache.juli.logging.DirectJDKLog.log(DirectJDKLog.java:173) - APR capabilities: IPv6 [true], sendfile [true], accept filters [false], random [true].
[21:08:49:675] [INFO] - org.apache.juli.logging.DirectJDKLog.log(DirectJDKLog.java:173) - APR/OpenSSL configuration: useAprConnector [false], useOpenSSL [true]
[21:08:50:710] [INFO] - org.apache.juli.logging.DirectJDKLog.log(DirectJDKLog.java:173) - OpenSSL successfully initialized [OpenSSL 1.0.2l  25 May 2017]
[21:08:50:990] [INFO] - org.apache.juli.logging.DirectJDKLog.log(DirectJDKLog.java:173) - At least one JAR was scanned for TLDs yet contained no TLDs. Enable debug logging for this logger for a complete list of JARs that were scanned but no TLDs were found in them. Skipping unneeded JARs during scanning can improve startup time and JSP compilation time.
[21:08:50:993] [INFO] - org.apache.juli.logging.DirectJDKLog.log(DirectJDKLog.java:173) - Initializing Spring embedded WebApplicationContext
[21:08:50:993] [INFO] - org.springframework.boot.web.servlet.context.ServletWebServerApplicationContext.prepareWebApplicationContext(ServletWebServerApplicationContext.java:285) - Root WebApplicationContext: initialization completed in 2535 ms
[21:08:51:037] [INFO] - org.springframework.boot.web.servlet.ServletRegistrationBean.addRegistration(ServletRegistrationBean.java:186) - Servlet statViewServlet mapped to [/druid/*]
[21:08:51:038] [INFO] - org.springframework.boot.web.servlet.ServletRegistrationBean.addRegistration(ServletRegistrationBean.java:186) - Servlet dispatcherServlet mapped to [/]
[21:08:51:041] [INFO] - org.springframework.boot.web.servlet.AbstractFilterRegistrationBean.configure(AbstractFilterRegistrationBean.java:248) - Mapping filter: 'characterEncodingFilter' to: [/*]
[21:08:51:041] [INFO] - org.springframework.boot.web.servlet.AbstractFilterRegistrationBean.configure(AbstractFilterRegistrationBean.java:248) - Mapping filter: 'hiddenHttpMethodFilter' to: [/*]
[21:08:51:042] [INFO] - org.springframework.boot.web.servlet.AbstractFilterRegistrationBean.configure(AbstractFilterRegistrationBean.java:248) - Mapping filter: 'formContentFilter' to: [/*]
[21:08:51:042] [INFO] - org.springframework.boot.web.servlet.AbstractFilterRegistrationBean.configure(AbstractFilterRegistrationBean.java:248) - Mapping filter: 'requestContextFilter' to: [/*]
[21:08:51:042] [INFO] - org.springframework.boot.web.servlet.AbstractFilterRegistrationBean.configure(AbstractFilterRegistrationBean.java:261) - Mapping filter: 'webStatFilter' to urls: [/*]
[21:08:51:147] [DEBUG] - org.apache.ibatis.logging.LogFactory.setImplementation(LogFactory.java:135) - Logging initialized using 'class org.apache.ibatis.logging.slf4j.Slf4jImpl' adapter.
[21:08:51:194] [DEBUG] - org.apache.ibatis.io.VFS$VFSHolder.createVFS(VFS.java:77) - Using VFS adapter org.mybatis.spring.boot.autoconfigure.SpringBootVFS
[21:08:51:196] [DEBUG] - org.apache.ibatis.io.ResolverUtil.addIfMatching(ResolverUtil.java:256) - Checking to see if class com.zzyy.entity.User matches criteria [is assignable to Object]
[21:08:51:304] [DEBUG] - org.hibernate.validator.internal.engine.resolver.TraversableResolvers.getDefault(TraversableResolvers.java:60) - Cannot find javax.persistence.Persistence on classpath. Assuming non JPA 2 environment. All properties will per default be traversable.
[21:08:51:305] [DEBUG] - org.hibernate.validator.messageinterpolation.ResourceBundleMessageInterpolator.buildExpressionFactory(ResourceBundleMessageInterpolator.java:89) - Loaded expression factory via original TCCL
[21:08:51:307] [DEBUG] - org.hibernate.validator.internal.engine.resolver.TraversableResolvers.getDefault(TraversableResolvers.java:60) - Cannot find javax.persistence.Persistence on classpath. Assuming non JPA 2 environment. All properties will per default be traversable.
[21:08:51:308] [DEBUG] - org.hibernate.validator.internal.engine.ConfigurationImpl.messageInterpolator(ConfigurationImpl.java:148) - Setting custom MessageInterpolator of type org.springframework.validation.beanvalidation.LocaleContextMessageInterpolator
[21:08:51:309] [DEBUG] - org.hibernate.validator.internal.engine.ConfigurationImpl.constraintValidatorFactory(ConfigurationImpl.java:180) - Setting custom ConstraintValidatorFactory of type org.springframework.validation.beanvalidation.SpringConstraintValidatorFactory
[21:08:51:309] [DEBUG] - org.hibernate.validator.internal.engine.ConfigurationImpl.parameterNameProvider(ConfigurationImpl.java:194) - Setting custom ParameterNameProvider of type org.springframework.validation.beanvalidation.LocalValidatorFactoryBean$1
[21:08:51:309] [DEBUG] - org.hibernate.validator.internal.xml.config.ValidationXmlParser.getValidationXmlInputStream(ValidationXmlParser.java:120) - Trying to load META-INF/validation.xml for XML based Validator configuration.
[21:08:51:310] [DEBUG] - org.hibernate.validator.internal.xml.config.ResourceLoaderHelper.getResettableInputStreamForPath(ResourceLoaderHelper.java:53) - Trying to load META-INF/validation.xml via user class loader
[21:08:51:310] [DEBUG] - org.hibernate.validator.internal.xml.config.ResourceLoaderHelper.getResettableInputStreamForPath(ResourceLoaderHelper.java:60) - Trying to load META-INF/validation.xml via TCCL
[21:08:51:310] [DEBUG] - org.hibernate.validator.internal.xml.config.ResourceLoaderHelper.getResettableInputStreamForPath(ResourceLoaderHelper.java:66) - Trying to load META-INF/validation.xml via Hibernate Validator's class loader
[21:08:51:310] [DEBUG] - org.hibernate.validator.internal.xml.config.ValidationXmlParser.getValidationXmlInputStream(ValidationXmlParser.java:127) - No META-INF/validation.xml found. Using annotation based configuration only.
[21:08:51:314] [DEBUG] - org.hibernate.validator.internal.engine.ValidatorFactoryImpl.logValidatorFactoryScopedConfiguration(ValidatorFactoryImpl.java:578) - HV000234: Using org.springframework.validation.beanvalidation.LocaleContextMessageInterpolator as ValidatorFactory-scoped message interpolator.
[21:08:51:314] [DEBUG] - org.hibernate.validator.internal.engine.ValidatorFactoryImpl.logValidatorFactoryScopedConfiguration(ValidatorFactoryImpl.java:579) - HV000234: Using org.hibernate.validator.internal.engine.resolver.TraverseAllTraversableResolver as ValidatorFactory-scoped traversable resolver.
[21:08:51:314] [DEBUG] - org.hibernate.validator.internal.engine.ValidatorFactoryImpl.logValidatorFactoryScopedConfiguration(ValidatorFactoryImpl.java:580) - HV000234: Using org.hibernate.validator.internal.util.ExecutableParameterNameProvider as ValidatorFactory-scoped parameter name provider.
[21:08:51:314] [DEBUG] - org.hibernate.validator.internal.engine.ValidatorFactoryImpl.logValidatorFactoryScopedConfiguration(ValidatorFactoryImpl.java:581) - HV000234: Using org.hibernate.validator.internal.engine.DefaultClockProvider as ValidatorFactory-scoped clock provider.
[21:08:51:314] [DEBUG] - org.hibernate.validator.internal.engine.ValidatorFactoryImpl.logValidatorFactoryScopedConfiguration(ValidatorFactoryImpl.java:582) - HV000234: Using org.hibernate.validator.internal.engine.scripting.DefaultScriptEvaluatorFactory as ValidatorFactory-scoped script evaluator factory.
[21:08:51:446] [INFO] - org.springframework.scheduling.concurrent.ExecutorConfigurationSupport.initialize(ExecutorConfigurationSupport.java:171) - Initializing ExecutorService 'applicationTaskExecutor'
[21:08:51:530] [INFO] - org.springframework.boot.autoconfigure.web.servlet.WelcomePageHandlerMapping.<init>(WelcomePageHandlerMapping.java:61) - Adding welcome page template: index
[21:08:51:617] [INFO] - org.apache.juli.logging.DirectJDKLog.log(DirectJDKLog.java:173) - Starting ProtocolHandler ["http-nio-8080"]
[21:08:51:628] [INFO] - org.apache.juli.logging.DirectJDKLog.log(DirectJDKLog.java:173) - Using a shared selector for servlet write/read
[21:08:51:655] [INFO] - org.springframework.boot.web.embedded.tomcat.TomcatWebServer.start(TomcatWebServer.java:204) - Tomcat started on port(s): 8080 (http) with context path ''
[21:08:51:658] [INFO] - org.springframework.boot.StartupInfoLogger.logStarted(StartupInfoLogger.java:59) - Started TestBootJdbcApplication in 3.769 seconds (JVM running for 5.569)
[21:09:01:364] [INFO] - org.apache.juli.logging.DirectJDKLog.log(DirectJDKLog.java:173) - Initializing Spring DispatcherServlet 'dispatcherServlet'
[21:09:01:364] [INFO] - org.springframework.web.servlet.FrameworkServlet.initServletBean(FrameworkServlet.java:521) - Initializing Servlet 'dispatcherServlet'
[21:09:01:373] [INFO] - org.springframework.web.servlet.FrameworkServlet.initServletBean(FrameworkServlet.java:543) - Completed initialization in 9 ms
[21:09:06:222] [DEBUG] - com.alibaba.druid.filter.logging.Log4j2Filter.connectionLog(Log4j2Filter.java:132) - {conn-10001} connected
[21:09:06:227] [DEBUG] - com.alibaba.druid.filter.logging.Log4j2Filter.connectionLog(Log4j2Filter.java:132) - {conn-10002} connected
[21:09:06:232] [DEBUG] - com.alibaba.druid.filter.logging.Log4j2Filter.connectionLog(Log4j2Filter.java:132) - {conn-10003} connected
[21:09:06:236] [DEBUG] - com.alibaba.druid.filter.logging.Log4j2Filter.connectionLog(Log4j2Filter.java:132) - {conn-10004} connected
[21:09:06:240] [DEBUG] - com.alibaba.druid.filter.logging.Log4j2Filter.connectionLog(Log4j2Filter.java:132) - {conn-10005} connected
[21:09:06:243] [INFO] - com.alibaba.druid.pool.DruidDataSource.init(DruidDataSource.java:947) - {dataSource-1} inited
[21:09:06:245] [DEBUG] - com.alibaba.druid.filter.logging.Log4j2Filter.connectionLog(Log4j2Filter.java:132) - {conn-10005} pool-connect
[21:09:06:248] [DEBUG] - org.apache.ibatis.logging.jdbc.BaseJdbcLogger.debug(BaseJdbcLogger.java:159) - ==>  Preparing: SELECT * from user WHERE username = ? and password = ? 
[21:09:06:340] [DEBUG] - com.alibaba.druid.filter.logging.Log4j2Filter.statementLog(Log4j2Filter.java:137) - {conn-10005, pstmt-20000} created. SELECT * from user WHERE username = ? and password = ?
[21:09:06:350] [DEBUG] - org.apache.ibatis.logging.jdbc.BaseJdbcLogger.debug(BaseJdbcLogger.java:159) - ==> Parameters: root(String), 123456(String)
[21:09:06:353] [DEBUG] - com.alibaba.druid.filter.logging.Log4j2Filter.statementLog(Log4j2Filter.java:137) - {conn-10005, pstmt-20000} Parameters : [root, 123456]
[21:09:06:353] [DEBUG] - com.alibaba.druid.filter.logging.Log4j2Filter.statementLog(Log4j2Filter.java:137) - {conn-10005, pstmt-20000} Types : [VARCHAR, VARCHAR]
[21:09:06:364] [DEBUG] - com.alibaba.druid.filter.logging.Log4j2Filter.statementLog(Log4j2Filter.java:137) - {conn-10005, pstmt-20000} executed. 12.241134 millis. SELECT * from user WHERE username = ? and password = ?
[21:09:06:367] [DEBUG] - com.alibaba.druid.filter.logging.Log4j2Filter.resultSetLog(Log4j2Filter.java:142) - {conn-10005, pstmt-20000, rs-50000} open
[21:09:06:369] [DEBUG] - com.alibaba.druid.filter.logging.Log4j2Filter.resultSetLog(Log4j2Filter.java:142) - {conn-10005, pstmt-20000, rs-50000} Header: [id, username, password, nickname, createTime, modifyTime]
[21:09:06:376] [DEBUG] - org.apache.ibatis.logging.jdbc.BaseJdbcLogger.debug(BaseJdbcLogger.java:159) - <==      Total: 0
[21:09:06:377] [DEBUG] - com.alibaba.druid.filter.logging.Log4j2Filter.resultSetLog(Log4j2Filter.java:142) - {conn-10005, pstmt-20000, rs-50000} closed
[21:09:06:377] [DEBUG] - com.alibaba.druid.filter.logging.Log4j2Filter.statementLog(Log4j2Filter.java:137) - {conn-10005, pstmt-20000} closed
[21:09:06:378] [DEBUG] - com.alibaba.druid.filter.logging.Log4j2Filter.connectionLog(Log4j2Filter.java:132) - {conn-10005} pool-recycle
[21:20:36:183] [DEBUG] - org.hibernate.validator.messageinterpolation.ResourceBundleMessageInterpolator.buildExpressionFactory(ResourceBundleMessageInterpolator.java:89) - Loaded expression factory via original TCCL
[21:20:36:192] [DEBUG] - org.hibernate.validator.internal.engine.ValidatorFactoryImpl.logValidatorFactoryScopedConfiguration(ValidatorFactoryImpl.java:578) - HV000234: Using org.hibernate.validator.messageinterpolation.ResourceBundleMessageInterpolator as ValidatorFactory-scoped message interpolator.
[21:20:36:193] [DEBUG] - org.hibernate.validator.internal.engine.ValidatorFactoryImpl.logValidatorFactoryScopedConfiguration(ValidatorFactoryImpl.java:579) - HV000234: Using org.hibernate.validator.internal.engine.resolver.TraverseAllTraversableResolver as ValidatorFactory-scoped traversable resolver.
[21:20:36:193] [DEBUG] - org.hibernate.validator.internal.engine.ValidatorFactoryImpl.logValidatorFactoryScopedConfiguration(ValidatorFactoryImpl.java:580) - HV000234: Using org.hibernate.validator.internal.util.ExecutableParameterNameProvider as ValidatorFactory-scoped parameter name provider.
[21:20:36:193] [DEBUG] - org.hibernate.validator.internal.engine.ValidatorFactoryImpl.logValidatorFactoryScopedConfiguration(ValidatorFactoryImpl.java:581) - HV000234: Using org.hibernate.validator.internal.engine.DefaultClockProvider as ValidatorFactory-scoped clock provider.
[21:20:36:193] [DEBUG] - org.hibernate.validator.internal.engine.ValidatorFactoryImpl.logValidatorFactoryScopedConfiguration(ValidatorFactoryImpl.java:582) - HV000234: Using org.hibernate.validator.internal.engine.scripting.DefaultScriptEvaluatorFactory as ValidatorFactory-scoped script evaluator factory.
[21:20:36:215] [INFO] - org.springframework.boot.StartupInfoLogger.logStarting(StartupInfoLogger.java:50) - Starting TestBootJdbcApplication on USER-6GQ0B3755M with PID 7992 (F:\spring\test_boot_jdbc\target\classes started by zzyy in F:\spring\test_boot_jdbc)
[21:20:36:215] [DEBUG] - org.springframework.boot.StartupInfoLogger.logStarting(StartupInfoLogger.java:53) - Running with Spring Boot v2.1.0.RELEASE, Spring v5.1.2.RELEASE
[21:20:36:215] [INFO] - org.springframework.boot.SpringApplication.logStartupProfileInfo(SpringApplication.java:675) - No active profile set, falling back to default profiles: default
[21:20:36:552] [DEBUG] - org.springframework.context.annotation.ClassPathScanningCandidateComponentProvider.scanCandidateComponents(ClassPathScanningCandidateComponentProvider.java:437) - Identified candidate component class: file [F:\spring\test_boot_jdbc\target\classes\com\zzyy\mapper\UserMapper.class]
[21:20:36:553] [DEBUG] - org.mybatis.spring.mapper.ClassPathMapperScanner.processBeanDefinitions(ClassPathMapperScanner.java:180) - Creating MapperFactoryBean with name 'userMapper' and 'com.zzyy.mapper.UserMapper' mapperInterface
[21:20:36:553] [DEBUG] - org.mybatis.spring.mapper.ClassPathMapperScanner.processBeanDefinitions(ClassPathMapperScanner.java:216) - Enabling autowire by type for MapperFactoryBean with name 'userMapper'.
[21:20:37:118] [INFO] - org.springframework.boot.web.embedded.tomcat.TomcatWebServer.initialize(TomcatWebServer.java:90) - Tomcat initialized with port(s): 8080 (http)
[21:20:37:131] [INFO] - org.apache.juli.logging.DirectJDKLog.log(DirectJDKLog.java:173) - Initializing ProtocolHandler ["http-nio-8080"]
[21:20:37:135] [INFO] - org.apache.juli.logging.DirectJDKLog.log(DirectJDKLog.java:173) - Starting service [Tomcat]
[21:20:37:136] [INFO] - org.apache.juli.logging.DirectJDKLog.log(DirectJDKLog.java:173) - Starting Servlet Engine: Apache Tomcat/9.0.12
[21:20:37:143] [INFO] - org.apache.juli.logging.DirectJDKLog.log(DirectJDKLog.java:173) - Loaded APR based Apache Tomcat Native library [1.2.14] using APR version [1.6.2].
[21:20:37:143] [INFO] - org.apache.juli.logging.DirectJDKLog.log(DirectJDKLog.java:173) - APR capabilities: IPv6 [true], sendfile [true], accept filters [false], random [true].
[21:20:37:143] [INFO] - org.apache.juli.logging.DirectJDKLog.log(DirectJDKLog.java:173) - APR/OpenSSL configuration: useAprConnector [false], useOpenSSL [true]
[21:20:38:192] [INFO] - org.apache.juli.logging.DirectJDKLog.log(DirectJDKLog.java:173) - OpenSSL successfully initialized [OpenSSL 1.0.2l  25 May 2017]
[21:20:38:469] [INFO] - org.apache.juli.logging.DirectJDKLog.log(DirectJDKLog.java:173) - At least one JAR was scanned for TLDs yet contained no TLDs. Enable debug logging for this logger for a complete list of JARs that were scanned but no TLDs were found in them. Skipping unneeded JARs during scanning can improve startup time and JSP compilation time.
[21:20:38:472] [INFO] - org.apache.juli.logging.DirectJDKLog.log(DirectJDKLog.java:173) - Initializing Spring embedded WebApplicationContext
[21:20:38:472] [INFO] - org.springframework.boot.web.servlet.context.ServletWebServerApplicationContext.prepareWebApplicationContext(ServletWebServerApplicationContext.java:285) - Root WebApplicationContext: initialization completed in 2216 ms
[21:20:38:519] [INFO] - org.springframework.boot.web.servlet.ServletRegistrationBean.addRegistration(ServletRegistrationBean.java:186) - Servlet statViewServlet mapped to [/druid/*]
[21:20:38:520] [INFO] - org.springframework.boot.web.servlet.ServletRegistrationBean.addRegistration(ServletRegistrationBean.java:186) - Servlet dispatcherServlet mapped to [/]
[21:20:38:523] [INFO] - org.springframework.boot.web.servlet.AbstractFilterRegistrationBean.configure(AbstractFilterRegistrationBean.java:248) - Mapping filter: 'characterEncodingFilter' to: [/*]
[21:20:38:523] [INFO] - org.springframework.boot.web.servlet.AbstractFilterRegistrationBean.configure(AbstractFilterRegistrationBean.java:248) - Mapping filter: 'hiddenHttpMethodFilter' to: [/*]
[21:20:38:523] [INFO] - org.springframework.boot.web.servlet.AbstractFilterRegistrationBean.configure(AbstractFilterRegistrationBean.java:248) - Mapping filter: 'formContentFilter' to: [/*]
[21:20:38:523] [INFO] - org.springframework.boot.web.servlet.AbstractFilterRegistrationBean.configure(AbstractFilterRegistrationBean.java:248) - Mapping filter: 'requestContextFilter' to: [/*]
[21:20:38:524] [INFO] - org.springframework.boot.web.servlet.AbstractFilterRegistrationBean.configure(AbstractFilterRegistrationBean.java:261) - Mapping filter: 'webStatFilter' to urls: [/*]
[21:20:38:625] [DEBUG] - org.apache.ibatis.logging.LogFactory.setImplementation(LogFactory.java:135) - Logging initialized using 'class org.apache.ibatis.logging.slf4j.Slf4jImpl' adapter.
[21:20:38:664] [DEBUG] - org.apache.ibatis.io.VFS$VFSHolder.createVFS(VFS.java:77) - Using VFS adapter org.mybatis.spring.boot.autoconfigure.SpringBootVFS
[21:20:38:666] [DEBUG] - org.apache.ibatis.io.ResolverUtil.addIfMatching(ResolverUtil.java:256) - Checking to see if class com.zzyy.entity.User matches criteria [is assignable to Object]
[21:20:38:666] [DEBUG] - org.mybatis.spring.SqlSessionFactoryBean.buildSqlSessionFactory(SqlSessionFactoryBean.java:437) - Scanned package: 'com.zzyy.entity' for aliases
[21:20:38:744] [DEBUG] - org.mybatis.spring.SqlSessionFactoryBean.buildSqlSessionFactory(SqlSessionFactoryBean.java:529) - Parsed mapper file: 'file [F:\spring\test_boot_jdbc\target\classes\mapper\UserMapper.xml]'
[21:20:38:765] [DEBUG] - org.hibernate.validator.internal.engine.resolver.TraversableResolvers.getDefault(TraversableResolvers.java:60) - Cannot find javax.persistence.Persistence on classpath. Assuming non JPA 2 environment. All properties will per default be traversable.
[21:20:38:765] [DEBUG] - org.hibernate.validator.messageinterpolation.ResourceBundleMessageInterpolator.buildExpressionFactory(ResourceBundleMessageInterpolator.java:89) - Loaded expression factory via original TCCL
[21:20:38:767] [DEBUG] - org.hibernate.validator.internal.engine.resolver.TraversableResolvers.getDefault(TraversableResolvers.java:60) - Cannot find javax.persistence.Persistence on classpath. Assuming non JPA 2 environment. All properties will per default be traversable.
[21:20:38:768] [DEBUG] - org.hibernate.validator.internal.engine.ConfigurationImpl.messageInterpolator(ConfigurationImpl.java:148) - Setting custom MessageInterpolator of type org.springframework.validation.beanvalidation.LocaleContextMessageInterpolator
[21:20:38:769] [DEBUG] - org.hibernate.validator.internal.engine.ConfigurationImpl.constraintValidatorFactory(ConfigurationImpl.java:180) - Setting custom ConstraintValidatorFactory of type org.springframework.validation.beanvalidation.SpringConstraintValidatorFactory
[21:20:38:769] [DEBUG] - org.hibernate.validator.internal.engine.ConfigurationImpl.parameterNameProvider(ConfigurationImpl.java:194) - Setting custom ParameterNameProvider of type org.springframework.validation.beanvalidation.LocalValidatorFactoryBean$1
[21:20:38:770] [DEBUG] - org.hibernate.validator.internal.xml.config.ValidationXmlParser.getValidationXmlInputStream(ValidationXmlParser.java:120) - Trying to load META-INF/validation.xml for XML based Validator configuration.
[21:20:38:770] [DEBUG] - org.hibernate.validator.internal.xml.config.ResourceLoaderHelper.getResettableInputStreamForPath(ResourceLoaderHelper.java:53) - Trying to load META-INF/validation.xml via user class loader
[21:20:38:770] [DEBUG] - org.hibernate.validator.internal.xml.config.ResourceLoaderHelper.getResettableInputStreamForPath(ResourceLoaderHelper.java:60) - Trying to load META-INF/validation.xml via TCCL
[21:20:38:770] [DEBUG] - org.hibernate.validator.internal.xml.config.ResourceLoaderHelper.getResettableInputStreamForPath(ResourceLoaderHelper.java:66) - Trying to load META-INF/validation.xml via Hibernate Validator's class loader
[21:20:38:770] [DEBUG] - org.hibernate.validator.internal.xml.config.ValidationXmlParser.getValidationXmlInputStream(ValidationXmlParser.java:127) - No META-INF/validation.xml found. Using annotation based configuration only.
[21:20:38:774] [DEBUG] - org.hibernate.validator.internal.engine.ValidatorFactoryImpl.logValidatorFactoryScopedConfiguration(ValidatorFactoryImpl.java:578) - HV000234: Using org.springframework.validation.beanvalidation.LocaleContextMessageInterpolator as ValidatorFactory-scoped message interpolator.
[21:20:38:774] [DEBUG] - org.hibernate.validator.internal.engine.ValidatorFactoryImpl.logValidatorFactoryScopedConfiguration(ValidatorFactoryImpl.java:579) - HV000234: Using org.hibernate.validator.internal.engine.resolver.TraverseAllTraversableResolver as ValidatorFactory-scoped traversable resolver.
[21:20:38:774] [DEBUG] - org.hibernate.validator.internal.engine.ValidatorFactoryImpl.logValidatorFactoryScopedConfiguration(ValidatorFactoryImpl.java:580) - HV000234: Using org.hibernate.validator.internal.util.ExecutableParameterNameProvider as ValidatorFactory-scoped parameter name provider.
[21:20:38:774] [DEBUG] - org.hibernate.validator.internal.engine.ValidatorFactoryImpl.logValidatorFactoryScopedConfiguration(ValidatorFactoryImpl.java:581) - HV000234: Using org.hibernate.validator.internal.engine.DefaultClockProvider as ValidatorFactory-scoped clock provider.
[21:20:38:775] [DEBUG] - org.hibernate.validator.internal.engine.ValidatorFactoryImpl.logValidatorFactoryScopedConfiguration(ValidatorFactoryImpl.java:582) - HV000234: Using org.hibernate.validator.internal.engine.scripting.DefaultScriptEvaluatorFactory as ValidatorFactory-scoped script evaluator factory.
[21:20:38:909] [INFO] - org.springframework.scheduling.concurrent.ExecutorConfigurationSupport.initialize(ExecutorConfigurationSupport.java:171) - Initializing ExecutorService 'applicationTaskExecutor'
[21:20:38:994] [INFO] - org.springframework.boot.autoconfigure.web.servlet.WelcomePageHandlerMapping.<init>(WelcomePageHandlerMapping.java:61) - Adding welcome page template: index
[21:20:39:079] [INFO] - org.apache.juli.logging.DirectJDKLog.log(DirectJDKLog.java:173) - Starting ProtocolHandler ["http-nio-8080"]
[21:20:39:088] [INFO] - org.apache.juli.logging.DirectJDKLog.log(DirectJDKLog.java:173) - Using a shared selector for servlet write/read
[21:20:39:108] [INFO] - org.springframework.boot.web.embedded.tomcat.TomcatWebServer.start(TomcatWebServer.java:204) - Tomcat started on port(s): 8080 (http) with context path ''
[21:20:39:111] [INFO] - org.springframework.boot.StartupInfoLogger.logStarted(StartupInfoLogger.java:59) - Started TestBootJdbcApplication in 3.321 seconds (JVM running for 4.899)
[21:21:04:272] [INFO] - org.apache.juli.logging.DirectJDKLog.log(DirectJDKLog.java:173) - Initializing Spring DispatcherServlet 'dispatcherServlet'
[21:21:04:272] [INFO] - org.springframework.web.servlet.FrameworkServlet.initServletBean(FrameworkServlet.java:521) - Initializing Servlet 'dispatcherServlet'
[21:21:04:280] [INFO] - org.springframework.web.servlet.FrameworkServlet.initServletBean(FrameworkServlet.java:543) - Completed initialization in 8 ms
[21:21:07:792] [DEBUG] - org.mybatis.spring.SqlSessionUtils.getSqlSession(SqlSessionUtils.java:97) - Creating a new SqlSession
[21:21:07:797] [DEBUG] - org.mybatis.spring.SqlSessionUtils.registerSessionHolder(SqlSessionUtils.java:148) - SqlSession [org.apache.ibatis.session.defaults.DefaultSqlSession@6b1a68ae] was not registered for synchronization because synchronization is not active
[21:21:07:926] [DEBUG] - com.alibaba.druid.filter.logging.Log4j2Filter.connectionLog(Log4j2Filter.java:132) - {conn-10001} connected
[21:21:07:934] [DEBUG] - com.alibaba.druid.filter.logging.Log4j2Filter.connectionLog(Log4j2Filter.java:132) - {conn-10002} connected
[21:21:07:938] [DEBUG] - com.alibaba.druid.filter.logging.Log4j2Filter.connectionLog(Log4j2Filter.java:132) - {conn-10003} connected
[21:21:07:943] [DEBUG] - com.alibaba.druid.filter.logging.Log4j2Filter.connectionLog(Log4j2Filter.java:132) - {conn-10004} connected
[21:21:07:947] [DEBUG] - com.alibaba.druid.filter.logging.Log4j2Filter.connectionLog(Log4j2Filter.java:132) - {conn-10005} connected
[21:21:07:950] [INFO] - com.alibaba.druid.pool.DruidDataSource.init(DruidDataSource.java:947) - {dataSource-1} inited
[21:21:07:951] [DEBUG] - com.alibaba.druid.filter.logging.Log4j2Filter.connectionLog(Log4j2Filter.java:132) - {conn-10005} pool-connect
[21:21:07:951] [DEBUG] - org.mybatis.spring.transaction.SpringManagedTransaction.openConnection(SpringManagedTransaction.java:87) - JDBC Connection [com.alibaba.druid.proxy.jdbc.ConnectionProxyImpl@232efcf] will not be managed by Spring
[21:21:07:955] [DEBUG] - org.apache.ibatis.logging.jdbc.BaseJdbcLogger.debug(BaseJdbcLogger.java:159) - ==>  Preparing: SELECT * from user WHERE username = ? and password = ? 
[21:21:08:054] [DEBUG] - com.alibaba.druid.filter.logging.Log4j2Filter.statementLog(Log4j2Filter.java:137) - {conn-10005, pstmt-20000} created. SELECT * from user WHERE username = ? and password = ?
[21:21:08:067] [DEBUG] - org.apache.ibatis.logging.jdbc.BaseJdbcLogger.debug(BaseJdbcLogger.java:159) - ==> Parameters: root(String), 123456(String)
[21:21:08:070] [DEBUG] - com.alibaba.druid.filter.logging.Log4j2Filter.statementLog(Log4j2Filter.java:137) - {conn-10005, pstmt-20000} Parameters : [root, 123456]
[21:21:08:070] [DEBUG] - com.alibaba.druid.filter.logging.Log4j2Filter.statementLog(Log4j2Filter.java:137) - {conn-10005, pstmt-20000} Types : [VARCHAR, VARCHAR]
[21:21:08:079] [DEBUG] - com.alibaba.druid.filter.logging.Log4j2Filter.statementLog(Log4j2Filter.java:137) - {conn-10005, pstmt-20000} executed. 11.179876 millis. SELECT * from user WHERE username = ? and password = ?
[21:21:08:082] [DEBUG] - com.alibaba.druid.filter.logging.Log4j2Filter.resultSetLog(Log4j2Filter.java:142) - {conn-10005, pstmt-20000, rs-50000} open
[21:21:08:084] [DEBUG] - com.alibaba.druid.filter.logging.Log4j2Filter.resultSetLog(Log4j2Filter.java:142) - {conn-10005, pstmt-20000, rs-50000} Header: [id, username, password, nickname, createTime, modifyTime]
[21:21:08:112] [DEBUG] - org.apache.ibatis.logging.jdbc.BaseJdbcLogger.debug(BaseJdbcLogger.java:159) - <==      Total: 0
[21:21:08:113] [DEBUG] - com.alibaba.druid.filter.logging.Log4j2Filter.resultSetLog(Log4j2Filter.java:142) - {conn-10005, pstmt-20000, rs-50000} closed
[21:21:08:113] [DEBUG] - com.alibaba.druid.filter.logging.Log4j2Filter.statementLog(Log4j2Filter.java:137) - {conn-10005, pstmt-20000} closed
[21:21:08:114] [DEBUG] - org.mybatis.spring.SqlSessionUtils.closeSqlSession(SqlSessionUtils.java:191) - Closing non transactional SqlSession [org.apache.ibatis.session.defaults.DefaultSqlSession@6b1a68ae]
[21:21:08:114] [DEBUG] - com.alibaba.druid.filter.logging.Log4j2Filter.connectionLog(Log4j2Filter.java:132) - {conn-10005} pool-recycle
